Using pre-set license
Built from '2020.3/staging' branch; Version is '2020.3.3f1 (76626098c1c4) revision 7758432'; Using compiler version '192528614'; Build Type 'Release'
OS: 'Windows 10 Pro; OS build 19042.985; Version 2009; 64bit' Language: 'en' Physical Memory: 8082 MB
BatchMode: 1, IsHumanControllingUs: 0, StartBugReporterOnCrash: 0, Is64bit: 1, IsPro: 0

 COMMAND LINE ARGUMENTS:
E:\Softwares\Unity\2020.3.3f1\Editor\Unity.exe
-adb2
-batchMode
-noUpm
-name
AssetImportWorker0
-projectPath
E:/Unity Project files/Game Developer Technical Skills Assessment A2
-logFile
Logs/AssetImportWorker0.log
-srvPort
62431
Successfully changed project path to: E:/Unity Project files/Game Developer Technical Skills Assessment A2
E:/Unity Project files/Game Developer Technical Skills Assessment A2
Using Asset Import Pipeline V2.
Refreshing native plugins compatible for Editor in 25.86 ms, found 0 plugins.
Preloading 0 native plugins for Editor in 0.00 ms.
Initialize engine version: 2020.3.3f1 (76626098c1c4)
[Subsystems] Discovering subsystems at path E:/Softwares/Unity/2020.3.3f1/Editor/Data/Resources/UnitySubsystems
[Subsystems] Discovering subsystems at path E:/Unity Project files/Game Developer Technical Skills Assessment A2/Assets
GfxDevice: creating device client; threaded=0
Direct3D:
    Version:  Direct3D 11.0 [level 11.1]
    Renderer: Intel(R) HD Graphics 4400 (ID=0x41e)
    Vendor:   
    VRAM:     2048 MB
    Driver:   20.19.15.4531
Initialize mono
Mono path[0] = 'E:/Softwares/Unity/2020.3.3f1/Editor/Data/Managed'
Mono path[1] = 'E:/Softwares/Unity/2020.3.3f1/Editor/Data/MonoBleedingEdge/lib/mono/unityjit'
Mono config path = 'E:/Softwares/Unity/2020.3.3f1/Editor/Data/MonoBleedingEdge/etc'
Using monoOptions --debugger-agent=transport=dt_socket,embedding=1,server=y,suspend=n,address=127.0.0.1:56268
Begin MonoManager ReloadAssembly
Registering precompiled unity dll's ...
Register platform support module: E:/Softwares/Unity/2020.3.3f1/Editor/Data/PlaybackEngines/WindowsStandaloneSupport/UnityEditor.WindowsStandalone.Extensions.dll
Registered in 0.001255 seconds.
Native extension for WindowsStandalone target not found
Refreshing native plugins compatible for Editor in 26.83 ms, found 0 plugins.
Preloading 0 native plugins for Editor in 0.00 ms.
Invoked RoslynAnalysisRunner static constructor.
RoslynAnalysisRunner will not be running.
RoslynAnalysisRunner has terminated.
Mono: successfully reloaded assembly
- Completed reload, in  1.781 seconds
Platform modules already initialized, skipping
Registering precompiled user dll's ...
Registered in 0.000645 seconds.
Begin MonoManager ReloadAssembly
Native extension for WindowsStandalone target not found
Refreshing native plugins compatible for Editor in 0.27 ms, found 0 plugins.
Preloading 0 native plugins for Editor in 0.00 ms.
Invoked RoslynAnalysisRunner static constructor.
RoslynAnalysisRunner will not be running.
RoslynAnalysisRunner has terminated.
Mono: successfully reloaded assembly
- Completed reload, in  1.043 seconds
Platform modules already initialized, skipping
========================================================================
Worker process is ready to serve import requests
Launched and connected shader compiler UnityShaderCompiler.exe after 0.06 seconds
Refreshing native plugins compatible for Editor in 0.37 ms, found 0 plugins.
Preloading 0 native plugins for Editor in 0.00 ms.
Unloading 1115 Unused Serialized files (Serialized files now loaded: 0)
System memory in use before: 57.1 MB.
System memory in use after: 57.2 MB.

Unloading 10 unused Assets to reduce memory usage. Loaded Objects now: 1557.
Total: 2.977200 ms (FindLiveObjects: 0.238000 ms CreateObjectMapping: 0.071700 ms MarkObjects: 2.511800 ms  DeleteObjects: 0.153200 ms)

========================================================================
Received Import Request.
  path: Assets/Scenes
  artifactKey: Guid(238f8a4583f9ff047b2097059c72d03f) Importer(815301076,1909f56bfc062723c751e8b465ee728b)
Start importing Assets/Scenes using Guid(238f8a4583f9ff047b2097059c72d03f) Importer(815301076,1909f56bfc062723c751e8b465ee728b)  -> (artifact id: 'fa957824a1a02c50e383c79544e63b43') in 0.030526 seconds
  Import took 0.035831 seconds .

========================================================================
Received Import Request.
  Time since last request: 0.000551 seconds.
  path: Assets/Scenes/SampleScene.unity
  artifactKey: Guid(9fc0d4010bbf28b4594072e72b8655ab) Importer(815301076,1909f56bfc062723c751e8b465ee728b)
Start importing Assets/Scenes/SampleScene.unity using Guid(9fc0d4010bbf28b4594072e72b8655ab) Importer(815301076,1909f56bfc062723c751e8b465ee728b)  -> (artifact id: 'f5c2f2c2a1bc51d97acb4e2643276eeb') in 0.030110 seconds
  Import took 0.035365 seconds .

========================================================================
Received Import Request.
  Time since last request: 5.101090 seconds.
  path: Assets/Scenes/TestScene.unity
  artifactKey: Guid(9fc0d4010bbf28b4594072e72b8655ab) Importer(815301076,1909f56bfc062723c751e8b465ee728b)
Start importing Assets/Scenes/TestScene.unity using Guid(9fc0d4010bbf28b4594072e72b8655ab) Importer(815301076,1909f56bfc062723c751e8b465ee728b)  -> (artifact id: 'eb22d2c8fa5e07e38e570ba70e1bb290') in 0.029044 seconds
  Import took 0.038164 seconds .

========================================================================
Received Import Request.
  Time since last request: 62.176586 seconds.
  path: Assets
  artifactKey: Guid(00000000000000001000000000000000) Importer(815301076,1909f56bfc062723c751e8b465ee728b)
Start importing Assets using Guid(00000000000000001000000000000000) Importer(815301076,1909f56bfc062723c751e8b465ee728b)  -> (artifact id: 'b2e0e235c0f4af3754229b664788db90') in 0.022499 seconds
  Import took 0.030661 seconds .

========================================================================
Received Import Request.
  Time since last request: 6.104771 seconds.
  path: Assets/Materials
  artifactKey: Guid(7b6b1b7c940a7e441bacaef41932027e) Importer(815301076,1909f56bfc062723c751e8b465ee728b)
Start importing Assets/Materials using Guid(7b6b1b7c940a7e441bacaef41932027e) Importer(815301076,1909f56bfc062723c751e8b465ee728b)  -> (artifact id: '9d937deffebe31d2672bf0c258acf038') in 0.012281 seconds
  Import took 0.016515 seconds .

========================================================================
Received Import Request.
  Time since last request: 12.465736 seconds.
  path: Assets/Materials/New Material.mat
  artifactKey: Guid(f17b49294780ac44cbf58832676ce3a2) Importer(815301076,1909f56bfc062723c751e8b465ee728b)
Start importing Assets/Materials/New Material.mat using Guid(f17b49294780ac44cbf58832676ce3a2) Importer(815301076,1909f56bfc062723c751e8b465ee728b)  -> (artifact id: '0417e49dec05fe131247b57585ebd120') in 0.239875 seconds
  Import took 0.243216 seconds .

